{"/var/www/cerebro/CodingBootcamp/Excercises/Node/express-biztime/app.js": {"path":"/var/www/cerebro/CodingBootcamp/Excercises/Node/express-biztime/app.js","statementMap":{"0":{"start":{"line":4,"column":16},"end":{"line":4,"column":34}},"1":{"start":{"line":5,"column":16},"end":{"line":5,"column":45}},"2":{"start":{"line":6,"column":16},"end":{"line":6,"column":44}},"3":{"start":{"line":7,"column":18},"end":{"line":7,"column":48}},"4":{"start":{"line":9,"column":12},"end":{"line":9,"column":21}},"5":{"start":{"line":10,"column":21},"end":{"line":10,"column":46}},"6":{"start":{"line":12,"column":0},"end":{"line":12,"column":24}},"7":{"start":{"line":13,"column":0},"end":{"line":13,"column":31}},"8":{"start":{"line":14,"column":0},"end":{"line":14,"column":30}},"9":{"start":{"line":15,"column":0},"end":{"line":15,"column":34}},"10":{"start":{"line":19,"column":0},"end":{"line":22,"column":3}},"11":{"start":{"line":20,"column":14},"end":{"line":20,"column":48}},"12":{"start":{"line":21,"column":2},"end":{"line":21,"column":19}},"13":{"start":{"line":26,"column":0},"end":{"line":33,"column":3}},"14":{"start":{"line":27,"column":2},"end":{"line":27,"column":32}},"15":{"start":{"line":29,"column":2},"end":{"line":32,"column":5}},"16":{"start":{"line":36,"column":0},"end":{"line":36,"column":21}}},"fnMap":{"0":{"name":"(anonymous_0)","decl":{"start":{"line":19,"column":8},"end":{"line":19,"column":9}},"loc":{"start":{"line":19,"column":33},"end":{"line":22,"column":1}},"line":19},"1":{"name":"(anonymous_1)","decl":{"start":{"line":26,"column":8},"end":{"line":26,"column":9}},"loc":{"start":{"line":26,"column":33},"end":{"line":33,"column":1}},"line":26}},"branchMap":{"0":{"loc":{"start":{"line":27,"column":13},"end":{"line":27,"column":30}},"type":"binary-expr","locations":[{"start":{"line":27,"column":13},"end":{"line":27,"column":23}},{"start":{"line":27,"column":27},"end":{"line":27,"column":30}}],"line":27}},"s":{"0":1,"1":1,"2":1,"3":1,"4":1,"5":1,"6":1,"7":1,"8":1,"9":1,"10":1,"11":0,"12":0,"13":1,"14":0,"15":0,"16":1},"f":{"0":0,"1":0},"b":{"0":[0,0]},"_coverageSchema":"1a1c01bbd47fc00a2c39e90264f33305004495a9","hash":"6bddd5309bcdbe71099050ad0cf8d83bf208a718"}
,"/var/www/cerebro/CodingBootcamp/Excercises/Node/express-biztime/db.js": {"path":"/var/www/cerebro/CodingBootcamp/Excercises/Node/express-biztime/db.js","statementMap":{"0":{"start":{"line":2,"column":17},"end":{"line":2,"column":30}},"1":{"start":{"line":3,"column":11},"end":{"line":3,"column":24}},"2":{"start":{"line":6,"column":18},"end":{"line":6,"column":131}},"3":{"start":{"line":8,"column":13},"end":{"line":8,"column":177}},"4":{"start":{"line":10,"column":9},"end":{"line":10,"column":50}},"5":{"start":{"line":12,"column":0},"end":{"line":12,"column":13}},"6":{"start":{"line":14,"column":0},"end":{"line":14,"column":20}}},"fnMap":{},"branchMap":{"0":{"loc":{"start":{"line":8,"column":13},"end":{"line":8,"column":177}},"type":"cond-expr","locations":[{"start":{"line":8,"column":47},"end":{"line":8,"column":113}},{"start":{"line":8,"column":116},"end":{"line":8,"column":177}}],"line":8}},"s":{"0":1,"1":1,"2":1,"3":1,"4":1,"5":1,"6":1},"f":{},"b":{"0":[1,0]},"_coverageSchema":"1a1c01bbd47fc00a2c39e90264f33305004495a9","hash":"9d86951326b0e914f9430119f37b0608951e6699"}
,"/var/www/cerebro/CodingBootcamp/Excercises/Node/express-biztime/expressError.js": {"path":"/var/www/cerebro/CodingBootcamp/Excercises/Node/express-biztime/expressError.js","statementMap":{"0":{"start":{"line":9,"column":4},"end":{"line":9,"column":12}},"1":{"start":{"line":10,"column":4},"end":{"line":10,"column":27}},"2":{"start":{"line":11,"column":4},"end":{"line":11,"column":25}},"3":{"start":{"line":12,"column":4},"end":{"line":12,"column":30}},"4":{"start":{"line":17,"column":0},"end":{"line":17,"column":30}}},"fnMap":{"0":{"name":"(anonymous_0)","decl":{"start":{"line":8,"column":2},"end":{"line":8,"column":3}},"loc":{"start":{"line":8,"column":31},"end":{"line":13,"column":3}},"line":8}},"branchMap":{},"s":{"0":0,"1":0,"2":0,"3":0,"4":1},"f":{"0":0},"b":{},"_coverageSchema":"1a1c01bbd47fc00a2c39e90264f33305004495a9","hash":"9b7fdcb480b62845ec932b5e078a944a35dc5b40"}
,"/var/www/cerebro/CodingBootcamp/Excercises/Node/express-biztime/routes/companies.js": {"path":"/var/www/cerebro/CodingBootcamp/Excercises/Node/express-biztime/routes/companies.js","statementMap":{"0":{"start":{"line":1,"column":11},"end":{"line":1,"column":27}},"1":{"start":{"line":2,"column":16},"end":{"line":2,"column":34}},"2":{"start":{"line":3,"column":15},"end":{"line":3,"column":35}},"3":{"start":{"line":4,"column":21},"end":{"line":4,"column":47}},"4":{"start":{"line":5,"column":16},"end":{"line":5,"column":34}},"5":{"start":{"line":7,"column":4},"end":{"line":17,"column":7}},"6":{"start":{"line":9,"column":8},"end":{"line":16,"column":9}},"7":{"start":{"line":11,"column":28},"end":{"line":11,"column":78}},"8":{"start":{"line":12,"column":12},"end":{"line":12,"column":54}},"9":{"start":{"line":15,"column":12},"end":{"line":15,"column":29}},"10":{"start":{"line":20,"column":4},"end":{"line":47,"column":7}},"11":{"start":{"line":21,"column":8},"end":{"line":46,"column":9}},"12":{"start":{"line":22,"column":28},"end":{"line":27,"column":13}},"13":{"start":{"line":29,"column":12},"end":{"line":42,"column":76}},"14":{"start":{"line":30,"column":33},"end":{"line":35,"column":17}},"15":{"start":{"line":37,"column":20},"end":{"line":37,"column":61}},"16":{"start":{"line":39,"column":16},"end":{"line":39,"column":60}},"17":{"start":{"line":42,"column":17},"end":{"line":42,"column":76}},"18":{"start":{"line":45,"column":12},"end":{"line":45,"column":29}},"19":{"start":{"line":50,"column":4},"end":{"line":65,"column":7}},"20":{"start":{"line":52,"column":8},"end":{"line":64,"column":9}},"21":{"start":{"line":53,"column":40},"end":{"line":53,"column":48}},"22":{"start":{"line":54,"column":25},"end":{"line":54,"column":88}},"23":{"start":{"line":55,"column":27},"end":{"line":59,"column":13}},"24":{"start":{"line":61,"column":12},"end":{"line":61,"column":67}},"25":{"start":{"line":63,"column":12},"end":{"line":63,"column":29}},"26":{"start":{"line":68,"column":4},"end":{"line":85,"column":7}},"27":{"start":{"line":69,"column":8},"end":{"line":84,"column":9}},"28":{"start":{"line":70,"column":25},"end":{"line":70,"column":40}},"29":{"start":{"line":71,"column":40},"end":{"line":71,"column":48}},"30":{"start":{"line":72,"column":27},"end":{"line":78,"column":13}},"31":{"start":{"line":80,"column":12},"end":{"line":80,"column":68}},"32":{"start":{"line":83,"column":12},"end":{"line":83,"column":29}},"33":{"start":{"line":87,"column":4},"end":{"line":112,"column":7}},"34":{"start":{"line":88,"column":8},"end":{"line":111,"column":9}},"35":{"start":{"line":90,"column":25},"end":{"line":90,"column":40}},"36":{"start":{"line":92,"column":26},"end":{"line":96,"column":13}},"37":{"start":{"line":98,"column":12},"end":{"line":98,"column":104}},"38":{"start":{"line":98,"column":41},"end":{"line":98,"column":104}},"39":{"start":{"line":101,"column":27},"end":{"line":105,"column":13}},"40":{"start":{"line":107,"column":12},"end":{"line":107,"column":62}},"41":{"start":{"line":110,"column":12},"end":{"line":110,"column":29}},"42":{"start":{"line":115,"column":0},"end":{"line":115,"column":24}}},"fnMap":{"0":{"name":"(anonymous_0)","decl":{"start":{"line":7,"column":20},"end":{"line":7,"column":21}},"loc":{"start":{"line":7,"column":49},"end":{"line":17,"column":5}},"line":7},"1":{"name":"(anonymous_1)","decl":{"start":{"line":20,"column":25},"end":{"line":20,"column":26}},"loc":{"start":{"line":20,"column":56},"end":{"line":47,"column":5}},"line":20},"2":{"name":"(anonymous_2)","decl":{"start":{"line":50,"column":21},"end":{"line":50,"column":22}},"loc":{"start":{"line":50,"column":52},"end":{"line":65,"column":5}},"line":50},"3":{"name":"(anonymous_3)","decl":{"start":{"line":68,"column":25},"end":{"line":68,"column":26}},"loc":{"start":{"line":68,"column":56},"end":{"line":85,"column":5}},"line":68},"4":{"name":"(anonymous_4)","decl":{"start":{"line":87,"column":28},"end":{"line":87,"column":29}},"loc":{"start":{"line":87,"column":59},"end":{"line":112,"column":5}},"line":87}},"branchMap":{"0":{"loc":{"start":{"line":29,"column":12},"end":{"line":42,"column":76}},"type":"if","locations":[{"start":{"line":29,"column":12},"end":{"line":42,"column":76}},{"start":{"line":42,"column":17},"end":{"line":42,"column":76}}],"line":29},"1":{"loc":{"start":{"line":98,"column":12},"end":{"line":98,"column":104}},"type":"if","locations":[{"start":{"line":98,"column":12},"end":{"line":98,"column":104}},{"start":{},"end":{}}],"line":98}},"s":{"0":1,"1":1,"2":1,"3":1,"4":1,"5":1,"6":1,"7":1,"8":1,"9":0,"10":1,"11":1,"12":1,"13":1,"14":1,"15":1,"16":1,"17":0,"18":0,"19":1,"20":1,"21":1,"22":1,"23":1,"24":1,"25":0,"26":1,"27":1,"28":1,"29":1,"30":1,"31":1,"32":0,"33":1,"34":1,"35":1,"36":1,"37":1,"38":0,"39":1,"40":1,"41":0,"42":1},"f":{"0":1,"1":1,"2":1,"3":1,"4":1},"b":{"0":[1,0],"1":[0,1]},"_coverageSchema":"1a1c01bbd47fc00a2c39e90264f33305004495a9","hash":"9e59c4b99373a8987349b0b903143d483cff462c"}
,"/var/www/cerebro/CodingBootcamp/Excercises/Node/express-biztime/routes/industries.js": {"path":"/var/www/cerebro/CodingBootcamp/Excercises/Node/express-biztime/routes/industries.js","statementMap":{"0":{"start":{"line":1,"column":11},"end":{"line":1,"column":27}},"1":{"start":{"line":2,"column":16},"end":{"line":2,"column":34}},"2":{"start":{"line":3,"column":15},"end":{"line":3,"column":35}},"3":{"start":{"line":4,"column":21},"end":{"line":4,"column":47}},"4":{"start":{"line":5,"column":16},"end":{"line":5,"column":34}},"5":{"start":{"line":7,"column":4},"end":{"line":15,"column":7}},"6":{"start":{"line":8,"column":8},"end":{"line":14,"column":9}},"7":{"start":{"line":9,"column":28},"end":{"line":9,"column":79}},"8":{"start":{"line":10,"column":12},"end":{"line":10,"column":54}},"9":{"start":{"line":13,"column":12},"end":{"line":13,"column":29}},"10":{"start":{"line":18,"column":4},"end":{"line":33,"column":7}},"11":{"start":{"line":20,"column":8},"end":{"line":32,"column":9}},"12":{"start":{"line":21,"column":40},"end":{"line":21,"column":48}},"13":{"start":{"line":22,"column":25},"end":{"line":22,"column":88}},"14":{"start":{"line":23,"column":27},"end":{"line":27,"column":13}},"15":{"start":{"line":29,"column":12},"end":{"line":29,"column":67}},"16":{"start":{"line":31,"column":12},"end":{"line":31,"column":29}},"17":{"start":{"line":36,"column":4},"end":{"line":50,"column":7}},"18":{"start":{"line":38,"column":8},"end":{"line":49,"column":9}},"19":{"start":{"line":39,"column":40},"end":{"line":39,"column":48}},"20":{"start":{"line":40,"column":27},"end":{"line":44,"column":13}},"21":{"start":{"line":46,"column":12},"end":{"line":46,"column":74}},"22":{"start":{"line":48,"column":12},"end":{"line":48,"column":29}},"23":{"start":{"line":53,"column":0},"end":{"line":53,"column":24}}},"fnMap":{"0":{"name":"(anonymous_0)","decl":{"start":{"line":7,"column":20},"end":{"line":7,"column":21}},"loc":{"start":{"line":7,"column":49},"end":{"line":15,"column":5}},"line":7},"1":{"name":"(anonymous_1)","decl":{"start":{"line":18,"column":21},"end":{"line":18,"column":22}},"loc":{"start":{"line":18,"column":52},"end":{"line":33,"column":5}},"line":18},"2":{"name":"(anonymous_2)","decl":{"start":{"line":36,"column":30},"end":{"line":36,"column":31}},"loc":{"start":{"line":36,"column":61},"end":{"line":50,"column":5}},"line":36}},"branchMap":{},"s":{"0":1,"1":1,"2":1,"3":1,"4":1,"5":1,"6":0,"7":0,"8":0,"9":0,"10":1,"11":0,"12":0,"13":0,"14":0,"15":0,"16":0,"17":1,"18":0,"19":0,"20":0,"21":0,"22":0,"23":1},"f":{"0":0,"1":0,"2":0},"b":{},"_coverageSchema":"1a1c01bbd47fc00a2c39e90264f33305004495a9","hash":"a9a69bac09b9772fd6103d3607035a73a5b9c17a"}
,"/var/www/cerebro/CodingBootcamp/Excercises/Node/express-biztime/routes/invoices.js": {"path":"/var/www/cerebro/CodingBootcamp/Excercises/Node/express-biztime/routes/invoices.js","statementMap":{"0":{"start":{"line":1,"column":11},"end":{"line":1,"column":27}},"1":{"start":{"line":2,"column":16},"end":{"line":2,"column":34}},"2":{"start":{"line":3,"column":15},"end":{"line":3,"column":35}},"3":{"start":{"line":4,"column":21},"end":{"line":4,"column":47}},"4":{"start":{"line":7,"column":0},"end":{"line":16,"column":3}},"5":{"start":{"line":8,"column":4},"end":{"line":15,"column":5}},"6":{"start":{"line":10,"column":24},"end":{"line":10,"column":108}},"7":{"start":{"line":11,"column":8},"end":{"line":11,"column":51}},"8":{"start":{"line":14,"column":8},"end":{"line":14,"column":25}},"9":{"start":{"line":19,"column":0},"end":{"line":41,"column":3}},"10":{"start":{"line":20,"column":4},"end":{"line":40,"column":5}},"11":{"start":{"line":21,"column":24},"end":{"line":26,"column":9}},"12":{"start":{"line":28,"column":8},"end":{"line":36,"column":72}},"13":{"start":{"line":29,"column":29},"end":{"line":31,"column":72}},"14":{"start":{"line":32,"column":12},"end":{"line":32,"column":55}},"15":{"start":{"line":33,"column":12},"end":{"line":33,"column":45}},"16":{"start":{"line":34,"column":12},"end":{"line":34,"column":57}},"17":{"start":{"line":36,"column":13},"end":{"line":36,"column":72}},"18":{"start":{"line":39,"column":8},"end":{"line":39,"column":25}},"19":{"start":{"line":44,"column":0},"end":{"line":58,"column":3}},"20":{"start":{"line":46,"column":4},"end":{"line":57,"column":5}},"21":{"start":{"line":47,"column":60},"end":{"line":47,"column":68}},"22":{"start":{"line":48,"column":23},"end":{"line":52,"column":9}},"23":{"start":{"line":54,"column":8},"end":{"line":54,"column":63}},"24":{"start":{"line":56,"column":8},"end":{"line":56,"column":25}},"25":{"start":{"line":61,"column":0},"end":{"line":99,"column":3}},"26":{"start":{"line":62,"column":4},"end":{"line":98,"column":5}},"27":{"start":{"line":63,"column":19},"end":{"line":63,"column":32}},"28":{"start":{"line":64,"column":28},"end":{"line":64,"column":36}},"29":{"start":{"line":65,"column":23},"end":{"line":65,"column":27}},"30":{"start":{"line":67,"column":27},"end":{"line":71,"column":17}},"31":{"start":{"line":73,"column":8},"end":{"line":75,"column":9}},"32":{"start":{"line":74,"column":10},"end":{"line":74,"column":64}},"33":{"start":{"line":77,"column":29},"end":{"line":77,"column":57}},"34":{"start":{"line":79,"column":8},"end":{"line":85,"column":9}},"35":{"start":{"line":80,"column":10},"end":{"line":80,"column":32}},"36":{"start":{"line":81,"column":15},"end":{"line":85,"column":9}},"37":{"start":{"line":82,"column":10},"end":{"line":82,"column":25}},"38":{"start":{"line":84,"column":10},"end":{"line":84,"column":34}},"39":{"start":{"line":87,"column":23},"end":{"line":92,"column":38}},"40":{"start":{"line":94,"column":8},"end":{"line":94,"column":53}},"41":{"start":{"line":97,"column":8},"end":{"line":97,"column":25}},"42":{"start":{"line":102,"column":0},"end":{"line":127,"column":3}},"43":{"start":{"line":103,"column":4},"end":{"line":126,"column":5}},"44":{"start":{"line":105,"column":19},"end":{"line":105,"column":32}},"45":{"start":{"line":107,"column":22},"end":{"line":111,"column":9}},"46":{"start":{"line":113,"column":8},"end":{"line":113,"column":100}},"47":{"start":{"line":113,"column":37},"end":{"line":113,"column":100}},"48":{"start":{"line":116,"column":23},"end":{"line":120,"column":9}},"49":{"start":{"line":122,"column":8},"end":{"line":122,"column":58}},"50":{"start":{"line":125,"column":8},"end":{"line":125,"column":25}},"51":{"start":{"line":132,"column":0},"end":{"line":132,"column":24}}},"fnMap":{"0":{"name":"(anonymous_0)","decl":{"start":{"line":7,"column":16},"end":{"line":7,"column":17}},"loc":{"start":{"line":7,"column":47},"end":{"line":16,"column":1}},"line":7},"1":{"name":"(anonymous_1)","decl":{"start":{"line":19,"column":19},"end":{"line":19,"column":20}},"loc":{"start":{"line":19,"column":50},"end":{"line":41,"column":1}},"line":19},"2":{"name":"(anonymous_2)","decl":{"start":{"line":44,"column":17},"end":{"line":44,"column":18}},"loc":{"start":{"line":44,"column":48},"end":{"line":58,"column":1}},"line":44},"3":{"name":"(anonymous_3)","decl":{"start":{"line":61,"column":19},"end":{"line":61,"column":20}},"loc":{"start":{"line":61,"column":49},"end":{"line":99,"column":1}},"line":61},"4":{"name":"(anonymous_4)","decl":{"start":{"line":102,"column":22},"end":{"line":102,"column":23}},"loc":{"start":{"line":102,"column":53},"end":{"line":127,"column":1}},"line":102}},"branchMap":{"0":{"loc":{"start":{"line":28,"column":8},"end":{"line":36,"column":72}},"type":"if","locations":[{"start":{"line":28,"column":8},"end":{"line":36,"column":72}},{"start":{"line":36,"column":13},"end":{"line":36,"column":72}}],"line":28},"1":{"loc":{"start":{"line":73,"column":8},"end":{"line":75,"column":9}},"type":"if","locations":[{"start":{"line":73,"column":8},"end":{"line":75,"column":9}},{"start":{},"end":{}}],"line":73},"2":{"loc":{"start":{"line":79,"column":8},"end":{"line":85,"column":9}},"type":"if","locations":[{"start":{"line":79,"column":8},"end":{"line":85,"column":9}},{"start":{"line":81,"column":15},"end":{"line":85,"column":9}}],"line":79},"3":{"loc":{"start":{"line":79,"column":12},"end":{"line":79,"column":33}},"type":"binary-expr","locations":[{"start":{"line":79,"column":12},"end":{"line":79,"column":25}},{"start":{"line":79,"column":29},"end":{"line":79,"column":33}}],"line":79},"4":{"loc":{"start":{"line":81,"column":15},"end":{"line":85,"column":9}},"type":"if","locations":[{"start":{"line":81,"column":15},"end":{"line":85,"column":9}},{"start":{"line":83,"column":15},"end":{"line":85,"column":9}}],"line":81},"5":{"loc":{"start":{"line":113,"column":8},"end":{"line":113,"column":100}},"type":"if","locations":[{"start":{"line":113,"column":8},"end":{"line":113,"column":100}},{"start":{},"end":{}}],"line":113}},"s":{"0":1,"1":1,"2":1,"3":1,"4":1,"5":1,"6":1,"7":1,"8":0,"9":1,"10":1,"11":1,"12":1,"13":1,"14":1,"15":1,"16":1,"17":0,"18":0,"19":1,"20":1,"21":1,"22":1,"23":1,"24":0,"25":1,"26":1,"27":1,"28":1,"29":1,"30":1,"31":1,"32":0,"33":1,"34":1,"35":1,"36":0,"37":0,"38":0,"39":1,"40":1,"41":0,"42":1,"43":1,"44":1,"45":1,"46":1,"47":0,"48":1,"49":1,"50":0,"51":1},"f":{"0":1,"1":1,"2":1,"3":1,"4":1},"b":{"0":[1,0],"1":[0,1],"2":[1,0],"3":[1,1],"4":[0,0],"5":[0,1]},"_coverageSchema":"1a1c01bbd47fc00a2c39e90264f33305004495a9","hash":"334cd8f43ec376e83b213f6b3e6f623dea346217"}
}
