TN:
SF:app.js
FN:19,(anonymous_0)
FN:26,(anonymous_1)
FNF:2
FNH:0
FNDA:0,(anonymous_0)
FNDA:0,(anonymous_1)
DA:4,1
DA:5,1
DA:6,1
DA:7,1
DA:9,1
DA:10,1
DA:12,1
DA:13,1
DA:14,1
DA:15,1
DA:19,1
DA:20,0
DA:21,0
DA:26,1
DA:27,0
DA:29,0
DA:36,1
LF:17
LH:13
BRDA:27,0,0,0
BRDA:27,0,1,0
BRF:2
BRH:0
end_of_record
TN:
SF:db.js
FNF:0
FNH:0
DA:2,1
DA:3,1
DA:6,1
DA:8,1
DA:10,1
DA:12,1
DA:14,1
LF:7
LH:7
BRDA:8,0,0,1
BRDA:8,0,1,0
BRF:2
BRH:1
end_of_record
TN:
SF:expressError.js
FN:8,(anonymous_0)
FNF:1
FNH:0
FNDA:0,(anonymous_0)
DA:9,0
DA:10,0
DA:11,0
DA:12,0
DA:17,1
LF:5
LH:1
BRF:0
BRH:0
end_of_record
TN:
SF:routes/companies.js
FN:7,(anonymous_0)
FN:20,(anonymous_1)
FN:50,(anonymous_2)
FN:68,(anonymous_3)
FN:87,(anonymous_4)
FNF:5
FNH:5
FNDA:1,(anonymous_0)
FNDA:1,(anonymous_1)
FNDA:1,(anonymous_2)
FNDA:1,(anonymous_3)
FNDA:1,(anonymous_4)
DA:1,1
DA:2,1
DA:3,1
DA:4,1
DA:5,1
DA:7,1
DA:9,1
DA:11,1
DA:12,1
DA:15,0
DA:20,1
DA:21,1
DA:22,1
DA:29,1
DA:30,1
DA:37,1
DA:39,1
DA:42,0
DA:45,0
DA:50,1
DA:52,1
DA:53,1
DA:54,1
DA:55,1
DA:61,1
DA:63,0
DA:68,1
DA:69,1
DA:70,1
DA:71,1
DA:72,1
DA:80,1
DA:83,0
DA:87,1
DA:88,1
DA:90,1
DA:92,1
DA:98,1
DA:101,1
DA:107,1
DA:110,0
DA:115,1
LF:42
LH:36
BRDA:29,0,0,1
BRDA:29,0,1,0
BRDA:98,1,0,0
BRDA:98,1,1,1
BRF:4
BRH:2
end_of_record
TN:
SF:routes/industries.js
FN:7,(anonymous_0)
FN:18,(anonymous_1)
FN:36,(anonymous_2)
FNF:3
FNH:0
FNDA:0,(anonymous_0)
FNDA:0,(anonymous_1)
FNDA:0,(anonymous_2)
DA:1,1
DA:2,1
DA:3,1
DA:4,1
DA:5,1
DA:7,1
DA:8,0
DA:9,0
DA:10,0
DA:13,0
DA:18,1
DA:20,0
DA:21,0
DA:22,0
DA:23,0
DA:29,0
DA:31,0
DA:36,1
DA:38,0
DA:39,0
DA:40,0
DA:46,0
DA:48,0
DA:53,1
LF:24
LH:9
BRF:0
BRH:0
end_of_record
TN:
SF:routes/invoices.js
FN:7,(anonymous_0)
FN:19,(anonymous_1)
FN:44,(anonymous_2)
FN:61,(anonymous_3)
FN:102,(anonymous_4)
FNF:5
FNH:5
FNDA:1,(anonymous_0)
FNDA:1,(anonymous_1)
FNDA:1,(anonymous_2)
FNDA:1,(anonymous_3)
FNDA:1,(anonymous_4)
DA:1,1
DA:2,1
DA:3,1
DA:4,1
DA:7,1
DA:8,1
DA:10,1
DA:11,1
DA:14,0
DA:19,1
DA:20,1
DA:21,1
DA:28,1
DA:29,1
DA:32,1
DA:33,1
DA:34,1
DA:36,0
DA:39,0
DA:44,1
DA:46,1
DA:47,1
DA:48,1
DA:54,1
DA:56,0
DA:61,1
DA:62,1
DA:63,1
DA:64,1
DA:65,1
DA:67,1
DA:73,1
DA:74,0
DA:77,1
DA:79,1
DA:80,1
DA:81,0
DA:82,0
DA:84,0
DA:87,1
DA:94,1
DA:97,0
DA:102,1
DA:103,1
DA:105,1
DA:107,1
DA:113,1
DA:116,1
DA:122,1
DA:125,0
DA:132,1
LF:51
LH:41
BRDA:28,0,0,1
BRDA:28,0,1,0
BRDA:73,1,0,0
BRDA:73,1,1,1
BRDA:79,2,0,1
BRDA:79,2,1,0
BRDA:79,3,0,1
BRDA:79,3,1,1
BRDA:81,4,0,0
BRDA:81,4,1,0
BRDA:113,5,0,0
BRDA:113,5,1,1
BRF:12
BRH:6
end_of_record
